Base path: C:/Program Files/Unity/Editor/Data
Cmd: getPlatforms
Cmd: preprocess
  insize=8687 outsize=1784 ok=1
Cmd: preprocess
  insize=11308 outsize=604 ok=1
Cmd: preprocess
  insize=1401 outsize=441 ok=1
Cmd: preprocess
  insize=2700 outsize=1088 ok=1
Cmd: preprocess
  insize=435 outsize=435 ok=1
Cmd: preprocess
  insize=1615 outsize=1855 ok=1
Cmd: preprocess
  insize=1137 outsize=370 ok=1
Cmd: preprocess
  insize=9900 outsize=674 ok=1
Cmd: preprocess
  insize=1697 outsize=320 ok=1
Cmd: preprocess
  insize=2657 outsize=1066 ok=1
Cmd: preprocess
  insize=3019 outsize=1254 ok=1
Cmd: preprocess
  insize=898 outsize=318 ok=1
Cmd: preprocess
  insize=985 outsize=277 ok=1
Cmd: preprocess
  insize=4355 outsize=1322 ok=1
Cmd: preprocess
  insize=1991 outsize=459 ok=1
Cmd: preprocess
  insize=1284 outsize=375 ok=1
Cmd: preprocess
  insize=2744 outsize=1127 ok=1
Cmd: preprocess
  insize=3680 outsize=577 ok=1
Cmd: preprocess
  insize=3381 outsize=1336 ok=1
Cmd: preprocess
  insize=1454 outsize=1799 ok=1
Cmd: preprocess
  insize=2534 outsize=1128 ok=1
Cmd: preprocess
  insize=3569 outsize=2621 ok=1
Cmd: preprocess
  insize=1179 outsize=1179 ok=1
Cmd: preprocess
  insize=1223 outsize=372 ok=1
Cmd: preprocess
  insize=6790 outsize=666 ok=1
Cmd: preprocess
  insize=1157 outsize=276 ok=1
Cmd: preprocess
  insize=1044 outsize=939 ok=1
Cmd: preprocess
  insize=10453 outsize=4018 ok=1
Cmd: preprocess
  insize=2527 outsize=661 ok=1
Cmd: preprocess
  insize=883 outsize=244 ok=1
Cmd: preprocess
  insize=1379 outsize=355 ok=1
Cmd: preprocess
  insize=1431 outsize=315 ok=1
Cmd: preprocess
  insize=1230 outsize=235 ok=1
Cmd: preprocess
  insize=2379 outsize=1059 ok=1
Cmd: preprocess
  insize=1406 outsize=316 ok=1
Cmd: preprocess
  insize=1262 outsize=290 ok=1
Cmd: preprocess
  insize=2328 outsize=616 ok=1
Cmd: preprocess
  insize=954 outsize=237 ok=1
Cmd: preprocess
  insize=674 outsize=286 ok=1
Cmd: preprocess
  insize=6423 outsize=844 ok=1
Cmd: preprocess
  insize=2237 outsize=943 ok=1
Cmd: preprocess
  insize=33400 outsize=237 ok=1
Cmd: preprocess
  insize=3049 outsize=1284 ok=1
Cmd: preprocess
  insize=3390 outsize=1361 ok=1
Cmd: preprocess
  insize=1219 outsize=228 ok=1
Cmd: preprocess
  insize=4479 outsize=438 ok=1
Cmd: preprocess
  insize=2693 outsize=1146 ok=1
Cmd: preprocess
  insize=992 outsize=217 ok=1
Cmd: preprocess
  insize=4990 outsize=1505 ok=1
Cmd: preprocess
  insize=13303 outsize=1692 ok=1
Cmd: preprocess
  insize=1021 outsize=321 ok=1
Cmd: preprocess
  insize=4332 outsize=1299 ok=1
Cmd: preprocess
  insize=6260 outsize=615 ok=1
Cmd: preprocess
  insize=2810 outsize=643 ok=1
Cmd: preprocess
  insize=4407 outsize=3640 ok=1
Cmd: preprocess
  insize=2713 outsize=426 ok=1
Cmd: preprocess
  insize=11175 outsize=2440 ok=1
Cmd: preprocess
  insize=2810 outsize=1124 ok=1
Cmd: preprocess
  insize=12909 outsize=2054 ok=1
Cmd: preprocess
  insize=1909 outsize=374 ok=1
Cmd: preprocess
  insize=1568 outsize=610 ok=1
Cmd: preprocess
  insize=7358 outsize=2448 ok=1
Cmd: preprocess
  insize=2869 outsize=1150 ok=1
Cmd: preprocess
  insize=2045 outsize=1156 ok=1
Cmd: preprocess
  insize=2501 outsize=1100 ok=1
Cmd: preprocess
  insize=1599 outsize=263 ok=1
Cmd: preprocess
  insize=24902 outsize=3598 ok=1
Cmd: preprocess
  insize=8349 outsize=2720 ok=1
Cmd: preprocess
  insize=4094 outsize=466 ok=1
Cmd: preprocess
  insize=1760 outsize=268 ok=1
Cmd: preprocess
  insize=1026 outsize=323 ok=1
Cmd: preprocess
  insize=1156 outsize=368 ok=1
Cmd: preprocess
  insize=711 outsize=234 ok=1
Cmd: preprocess
  insize=1414 outsize=368 ok=1
Cmd: preprocess
  insize=5806 outsize=734 ok=1
Cmd: preprocess
  insize=5373 outsize=618 ok=1
Cmd: preprocess
  insize=555 outsize=331 ok=1
Cmd: preprocess
  insize=6723 outsize=728 ok=1
Cmd: preprocess
  insize=1459 outsize=474 ok=1
Cmd: preprocess
  insize=33409 outsize=238 ok=1
Cmd: preprocess
  insize=5347 outsize=1735 ok=1
Cmd: preprocess
  insize=7393 outsize=2458 ok=1
Cmd: preprocess
  insize=2274 outsize=1004 ok=1
Cmd: preprocess
  insize=6924 outsize=219 ok=1
Cmd: preprocess
  insize=4458 outsize=380 ok=1
Cmd: preprocess
  insize=3749 outsize=1675 ok=1
Cmd: preprocess
  insize=4830 outsize=772 ok=1
Cmd: preprocess
  insize=1310 outsize=352 ok=1
Cmd: preprocess
  insize=5974 outsize=1157 ok=1
Cmd: preprocess
  insize=716 outsize=253 ok=1
Cmd: preprocess
  insize=1588 outsize=288 ok=1
Cmd: preprocess
  insize=692 outsize=285 ok=1
Cmd: preprocess
  insize=5627 outsize=501 ok=1
Cmd: preprocess
  insize=10462 outsize=4027 ok=1
Cmd: preprocess
  insize=2750 outsize=425 ok=1
Cmd: preprocess
  insize=3850 outsize=536 ok=1
Cmd: preprocess
  insize=2702 outsize=1055 ok=1
Cmd: preprocess
  insize=851 outsize=262 ok=1
Cmd: preprocess
  insize=1750 outsize=709 ok=1
Cmd: preprocess
  insize=1331 outsize=259 ok=1
Cmd: preprocess
  insize=2015 outsize=883 ok=1
Cmd: preprocess
  insize=3791 outsize=1262 ok=1
Cmd: preprocess
  insize=5316 outsize=643 ok=1
Cmd: preprocess
  insize=1072 outsize=462 ok=1
Cmd: preprocess
  insize=1139 outsize=332 ok=1
Cmd: preprocess
  insize=512 outsize=209 ok=1
Cmd: preprocess
  insize=2823 outsize=1086 ok=1
Cmd: preprocess
  insize=698 outsize=280 ok=1
Cmd: preprocess
  insize=5240 outsize=761 ok=1
Cmd: compileSnippet
  api=8 type=0 insize=9297 outsize=1486 kw= pd=UNITY_NO_SCREENSPACE_SHADOWS UNITY_ENABLE_REFLECTION_BUFFERS UNITY_PBS_USE_BRDF1 UNITY_SPECCUBE_BOX_PROJECTION UNITY_SPECCUBE_BLENDING SHADER_API_MOBILE SHADER_API_DESKTOP UNITY_COLORSPACE_GAMMA ok=1
Cmd: compileSnippet
  api=8 type=1 insize=1191 outsize=974 kw= pd=UNITY_NO_SCREENSPACE_SHADOWS UNITY_ENABLE_REFLECTION_BUFFERS UNITY_PBS_USE_BRDF1 UNITY_SPECCUBE_BOX_PROJECTION UNITY_SPECCUBE_BLENDING SHADER_API_MOBILE SHADER_API_DESKTOP UNITY_COLORSPACE_GAMMA ok=1
Cmd: compileSnippet
  api=8 type=0 insize=2036 outsize=994 kw= pd=UNITY_NO_SCREENSPACE_SHADOWS UNITY_ENABLE_REFLECTION_BUFFERS UNITY_PBS_USE_BRDF1 UNITY_SPECCUBE_BOX_PROJECTION UNITY_SPECCUBE_BLENDING SHADER_API_MOBILE SHADER_API_DESKTOP UNITY_COLORSPACE_GAMMA ok=1
Cmd: compileSnippet
  api=8 type=0 insize=2045 outsize=994 kw= pd=UNITY_NO_SCREENSPACE_SHADOWS UNITY_ENABLE_REFLECTION_BUFFERS UNITY_PBS_USE_BRDF1 UNITY_SPECCUBE_BOX_PROJECTION UNITY_SPECCUBE_BLENDING SHADER_API_MOBILE SHADER_API_DESKTOP UNITY_COLORSPACE_GAMMA ok=1
Cmd: compileSnippet
  api=8 type=1 insize=1646 outsize=1722 kw= pd=UNITY_NO_SCREENSPACE_SHADOWS UNITY_ENABLE_REFLECTION_BUFFERS UNITY_PBS_USE_BRDF1 UNITY_SPECCUBE_BOX_PROJECTION UNITY_SPECCUBE_BLENDING SHADER_API_MOBILE SHADER_API_DESKTOP UNITY_COLORSPACE_GAMMA ok=1
Cmd: compileSnippet
  api=8 type=0 insize=3420 outsize=706 kw= pd=UNITY_NO_SCREENSPACE_SHADOWS UNITY_ENABLE_REFLECTION_BUFFERS UNITY_PBS_USE_BRDF1 UNITY_SPECCUBE_BOX_PROJECTION UNITY_SPECCUBE_BLENDING SHADER_API_MOBILE SHADER_API_DESKTOP UNITY_COLORSPACE_GAMMA ok=1
Cmd: compileSnippet
  api=8 type=1 insize=3420 outsize=914 kw= pd=UNITY_NO_SCREENSPACE_SHADOWS UNITY_ENABLE_REFLECTION_BUFFERS UNITY_PBS_USE_BRDF1 UNITY_SPECCUBE_BOX_PROJECTION UNITY_SPECCUBE_BLENDING SHADER_API_MOBILE SHADER_API_DESKTOP UNITY_COLORSPACE_GAMMA ok=1
Cmd: compileSnippet
  api=1 type=0 insize=3427 outsize=660 kw= pd=UNITY_ENABLE_REFLECTION_BUFFERS UNITY_PBS_USE_BRDF1 UNITY_SPECCUBE_BOX_PROJECTION UNITY_SPECCUBE_BLENDING SHADER_API_DESKTOP UNITY_COLORSPACE_GAMMA ok=1
Cmd: compileSnippet
  api=1 type=1 insize=3427 outsize=444 kw= pd=UNITY_ENABLE_REFLECTION_BUFFERS UNITY_PBS_USE_BRDF1 UNITY_SPECCUBE_BOX_PROJECTION UNITY_SPECCUBE_BLENDING SHADER_API_DESKTOP UNITY_COLORSPACE_GAMMA ok=1
Cmd: compileSnippet
  api=8 type=1 insize=3436 outsize=1578 kw= pd=UNITY_NO_SCREENSPACE_SHADOWS UNITY_ENABLE_REFLECTION_BUFFERS UNITY_PBS_USE_BRDF1 UNITY_SPECCUBE_BOX_PROJECTION UNITY_SPECCUBE_BLENDING SHADER_API_MOBILE SHADER_API_DESKTOP UNITY_COLORSPACE_GAMMA ok=1
Cmd: compileSnippet
  api=1 type=0 insize=3431 outsize=588 kw= pd=UNITY_ENABLE_REFLECTION_BUFFERS UNITY_PBS_USE_BRDF1 UNITY_SPECCUBE_BOX_PROJECTION UNITY_SPECCUBE_BLENDING SHADER_API_DESKTOP UNITY_COLORSPACE_GAMMA ok=1
